<?xml version="1.0" encoding="UTF-8"?>
<testng-results ignored="0" total="1" passed="1" failed="0" skipped="0">
  <reporter-output>
  </reporter-output>
  <suite started-at="2022-09-07T13:16:28 IST" name="Default suite" finished-at="2022-09-07T13:16:30 IST" duration-ms="2268">
    <groups>
    </groups>
    <test started-at="2022-09-07T13:16:28 IST" name="Default test" finished-at="2022-09-07T13:16:30 IST" duration-ms="2268">
      <class name="frameWorkUsage.Post">
        <test-method signature="postrequest()[pri:0, instance:frameWorkUsage.Post@194bcebf]" started-at="2022-09-07T13:16:28 IST" name="postrequest" finished-at="2022-09-07T13:16:30 IST" duration-ms="2221" status="PASS">
          <reporter-output>
          </reporter-output>
        </test-method> <!-- postrequest -->
      </class> <!-- frameWorkUsage.Post -->
    </test> <!-- Default test -->
  </suite> <!-- Default suite -->
</testng-results>
